15:52:50,123 (main) INFO  [DataNucleus.Enhancer] - DataNucleus Enhancer for API "JDO"
15:52:50,655 (main) INFO  [DataNucleus.Enhancer] - DataNucleus Enhancer (version 3.1.1) : Enhancement of classes
15:52:51,563 (main) INFO  [DataNucleus.Enhancer] - Writing class file "C:\workarea\workspace\historicalArchive\target\retail-online-archive-1.0-SNAPSHOT\WEB-INF\classes\uk\co\metoffice\beans\MetaData.class" with enhanced definition
15:52:51,575 (main) INFO  [DataNucleus.Enhancer] - Writing class file "C:\workarea\workspace\historicalArchive\target\retail-online-archive-1.0-SNAPSHOT\WEB-INF\classes\uk\co\metoffice\beans\MetoDataJPA.class" with enhanced definition
15:52:51,588 (main) INFO  [DataNucleus.Enhancer] - DataNucleus Enhancer completed with success for 2 classes. Timings : input=769 ms, enhance=132 ms, total=901 ms. Consult the log for full details
15:53:04,682 (main) INFO  [DataNucleus.Enhancer] - DataNucleus Enhancer for API "JDO"
15:53:04,792 (main) INFO  [DataNucleus.Enhancer] - DataNucleus Enhancer (version 3.1.1) : Enhancement of classes
15:53:05,317 (main) INFO  [DataNucleus.Enhancer] - Class "uk.co.metoffice.beans.MetaData" is already enhanced.
15:53:05,319 (main) INFO  [DataNucleus.Enhancer] - Class "uk.co.metoffice.beans.MetoDataJPA" is already enhanced.
15:53:05,319 (main) INFO  [DataNucleus.Enhancer] - DataNucleus Enhancer completed with success for 2 classes. Timings : input=498 ms, enhance=27 ms, total=525 ms. Consult the log for full details
15:57:03,105 (main) INFO  [DataNucleus.Enhancer] - DataNucleus Enhancer for API "JDO"
15:57:03,306 (main) INFO  [DataNucleus.Enhancer] - DataNucleus Enhancer (version 3.1.1) : Enhancement of classes
15:57:03,756 (main) INFO  [DataNucleus.Enhancer] - Writing class file "C:\workarea\workspace\historicalArchive\target\retail-online-archive-1.0-SNAPSHOT\WEB-INF\classes\uk\co\metoffice\beans\MetaData.class" with enhanced definition
15:57:03,763 (main) INFO  [DataNucleus.Enhancer] - Writing class file "C:\workarea\workspace\historicalArchive\target\retail-online-archive-1.0-SNAPSHOT\WEB-INF\classes\uk\co\metoffice\beans\MetoDataJPA.class" with enhanced definition
15:57:03,766 (main) INFO  [DataNucleus.Enhancer] - DataNucleus Enhancer completed with success for 2 classes. Timings : input=391 ms, enhance=62 ms, total=453 ms. Consult the log for full details
15:57:11,182 (main) INFO  [DataNucleus.Enhancer] - DataNucleus Enhancer for API "JDO"
15:57:11,292 (main) INFO  [DataNucleus.Enhancer] - DataNucleus Enhancer (version 3.1.1) : Enhancement of classes
15:57:11,530 (main) INFO  [DataNucleus.Enhancer] - Class "uk.co.metoffice.beans.MetaData" is already enhanced.
15:57:11,532 (main) INFO  [DataNucleus.Enhancer] - Class "uk.co.metoffice.beans.MetoDataJPA" is already enhanced.
15:57:11,532 (main) INFO  [DataNucleus.Enhancer] - DataNucleus Enhancer completed with success for 2 classes. Timings : input=209 ms, enhance=29 ms, total=238 ms. Consult the log for full details
16:01:28,206 (main) INFO  [DataNucleus.Enhancer] - DataNucleus Enhancer for API "JDO"
16:01:28,377 (main) INFO  [DataNucleus.Enhancer] - DataNucleus Enhancer (version 3.1.1) : Enhancement of classes
16:01:28,676 (main) INFO  [DataNucleus.Enhancer] - Writing class file "C:\workarea\workspace\historicalArchive\target\retail-online-archive-1.0-SNAPSHOT\WEB-INF\classes\uk\co\metoffice\beans\MetaData.class" with enhanced definition
16:01:28,684 (main) INFO  [DataNucleus.Enhancer] - Writing class file "C:\workarea\workspace\historicalArchive\target\retail-online-archive-1.0-SNAPSHOT\WEB-INF\classes\uk\co\metoffice\beans\MetoDataJPA.class" with enhanced definition
16:01:28,725 (main) INFO  [DataNucleus.Enhancer] - DataNucleus Enhancer completed with success for 2 classes. Timings : input=241 ms, enhance=63 ms, total=304 ms. Consult the log for full details
16:01:36,525 (main) INFO  [DataNucleus.Enhancer] - DataNucleus Enhancer for API "JDO"
16:01:36,624 (main) INFO  [DataNucleus.Enhancer] - DataNucleus Enhancer (version 3.1.1) : Enhancement of classes
16:01:36,843 (main) INFO  [DataNucleus.Enhancer] - Class "uk.co.metoffice.beans.MetaData" is already enhanced.
16:01:36,844 (main) INFO  [DataNucleus.Enhancer] - Class "uk.co.metoffice.beans.MetoDataJPA" is already enhanced.
16:01:36,844 (main) INFO  [DataNucleus.Enhancer] - DataNucleus Enhancer completed with success for 2 classes. Timings : input=191 ms, enhance=27 ms, total=218 ms. Consult the log for full details
16:02:59,388 (main) INFO  [DataNucleus.Enhancer] - DataNucleus Enhancer for API "JDO"
16:02:59,678 (main) INFO  [DataNucleus.Enhancer] - DataNucleus Enhancer (version 3.1.1) : Enhancement of classes
16:03:00,023 (main) INFO  [DataNucleus.Enhancer] - Writing class file "C:\workarea\workspace\historicalArchive\target\retail-online-archive-1.0-SNAPSHOT\WEB-INF\classes\uk\co\metoffice\beans\MetaData.class" with enhanced definition
16:03:00,030 (main) INFO  [DataNucleus.Enhancer] - Writing class file "C:\workarea\workspace\historicalArchive\target\retail-online-archive-1.0-SNAPSHOT\WEB-INF\classes\uk\co\metoffice\beans\MetoDataJPA.class" with enhanced definition
16:03:00,031 (main) INFO  [DataNucleus.Enhancer] - DataNucleus Enhancer completed with success for 2 classes. Timings : input=278 ms, enhance=67 ms, total=345 ms. Consult the log for full details
16:03:05,099 (main) INFO  [DataNucleus.Enhancer] - DataNucleus Enhancer for API "JDO"
16:03:05,194 (main) INFO  [DataNucleus.Enhancer] - DataNucleus Enhancer (version 3.1.1) : Enhancement of classes
16:03:05,419 (main) INFO  [DataNucleus.Enhancer] - Class "uk.co.metoffice.beans.MetaData" is already enhanced.
16:03:05,420 (main) INFO  [DataNucleus.Enhancer] - Class "uk.co.metoffice.beans.MetoDataJPA" is already enhanced.
16:03:05,421 (main) INFO  [DataNucleus.Enhancer] - DataNucleus Enhancer completed with success for 2 classes. Timings : input=198 ms, enhance=26 ms, total=224 ms. Consult the log for full details
16:04:29,495 (main) INFO  [DataNucleus.Enhancer] - DataNucleus Enhancer for API "JDO"
16:04:29,675 (main) INFO  [DataNucleus.Enhancer] - DataNucleus Enhancer (version 3.1.1) : Enhancement of classes
16:04:30,004 (main) INFO  [DataNucleus.Enhancer] - Writing class file "C:\workarea\workspace\historicalArchive\target\retail-online-archive-1.0-SNAPSHOT\WEB-INF\classes\uk\co\metoffice\beans\MetaData.class" with enhanced definition
16:04:30,011 (main) INFO  [DataNucleus.Enhancer] - Writing class file "C:\workarea\workspace\historicalArchive\target\retail-online-archive-1.0-SNAPSHOT\WEB-INF\classes\uk\co\metoffice\beans\MetoDataJPA.class" with enhanced definition
16:04:30,012 (main) INFO  [DataNucleus.Enhancer] - DataNucleus Enhancer completed with success for 2 classes. Timings : input=228 ms, enhance=71 ms, total=299 ms. Consult the log for full details
16:04:35,027 (main) INFO  [DataNucleus.Enhancer] - DataNucleus Enhancer for API "JDO"
16:04:35,121 (main) INFO  [DataNucleus.Enhancer] - DataNucleus Enhancer (version 3.1.1) : Enhancement of classes
16:04:35,347 (main) INFO  [DataNucleus.Enhancer] - Class "uk.co.metoffice.beans.MetaData" is already enhanced.
16:04:35,348 (main) INFO  [DataNucleus.Enhancer] - Class "uk.co.metoffice.beans.MetoDataJPA" is already enhanced.
16:04:35,348 (main) INFO  [DataNucleus.Enhancer] - DataNucleus Enhancer completed with success for 2 classes. Timings : input=198 ms, enhance=27 ms, total=225 ms. Consult the log for full details
16:08:17,522 (main) INFO  [DataNucleus.Enhancer] - DataNucleus Enhancer for API "JDO"
16:08:17,673 (main) INFO  [DataNucleus.Enhancer] - DataNucleus Enhancer (version 3.1.1) : Enhancement of classes
16:08:18,009 (main) INFO  [DataNucleus.Enhancer] - Writing class file "C:\workarea\workspace\historicalArchive\target\retail-online-archive-1.0-SNAPSHOT\WEB-INF\classes\uk\co\metoffice\beans\MetaData.class" with enhanced definition
16:08:18,016 (main) INFO  [DataNucleus.Enhancer] - Writing class file "C:\workarea\workspace\historicalArchive\target\retail-online-archive-1.0-SNAPSHOT\WEB-INF\classes\uk\co\metoffice\beans\MetoDataJPA.class" with enhanced definition
16:08:18,017 (main) INFO  [DataNucleus.Enhancer] - DataNucleus Enhancer completed with success for 2 classes. Timings : input=261 ms, enhance=78 ms, total=339 ms. Consult the log for full details
16:08:25,360 (main) INFO  [DataNucleus.Enhancer] - DataNucleus Enhancer for API "JDO"
16:08:25,456 (main) INFO  [DataNucleus.Enhancer] - DataNucleus Enhancer (version 3.1.1) : Enhancement of classes
16:08:25,675 (main) INFO  [DataNucleus.Enhancer] - Class "uk.co.metoffice.beans.MetaData" is already enhanced.
16:08:25,678 (main) INFO  [DataNucleus.Enhancer] - Class "uk.co.metoffice.beans.MetoDataJPA" is already enhanced.
16:08:25,678 (main) INFO  [DataNucleus.Enhancer] - DataNucleus Enhancer completed with success for 2 classes. Timings : input=190 ms, enhance=29 ms, total=219 ms. Consult the log for full details
16:23:19,990 (main) INFO  [DataNucleus.Enhancer] - DataNucleus Enhancer for API "JDO"
16:23:20,133 (main) INFO  [DataNucleus.Enhancer] - DataNucleus Enhancer (version 3.1.1) : Enhancement of classes
16:23:20,451 (main) INFO  [DataNucleus.Enhancer] - Writing class file "C:\workarea\workspace\historicalArchive\target\retail-online-archive-1.0-SNAPSHOT\WEB-INF\classes\uk\co\metoffice\beans\MetaData.class" with enhanced definition
16:23:20,458 (main) INFO  [DataNucleus.Enhancer] - Writing class file "C:\workarea\workspace\historicalArchive\target\retail-online-archive-1.0-SNAPSHOT\WEB-INF\classes\uk\co\metoffice\beans\MetoDataJPA.class" with enhanced definition
16:23:20,458 (main) INFO  [DataNucleus.Enhancer] - DataNucleus Enhancer completed with success for 2 classes. Timings : input=260 ms, enhance=63 ms, total=323 ms. Consult the log for full details
16:23:27,805 (main) INFO  [DataNucleus.Enhancer] - DataNucleus Enhancer for API "JDO"
16:23:27,902 (main) INFO  [DataNucleus.Enhancer] - DataNucleus Enhancer (version 3.1.1) : Enhancement of classes
16:23:28,158 (main) INFO  [DataNucleus.Enhancer] - Class "uk.co.metoffice.beans.MetaData" is already enhanced.
16:23:28,159 (main) INFO  [DataNucleus.Enhancer] - Class "uk.co.metoffice.beans.MetoDataJPA" is already enhanced.
16:23:28,159 (main) INFO  [DataNucleus.Enhancer] - DataNucleus Enhancer completed with success for 2 classes. Timings : input=228 ms, enhance=27 ms, total=255 ms. Consult the log for full details
16:26:37,587 (main) INFO  [DataNucleus.Enhancer] - DataNucleus Enhancer for API "JDO"
16:26:37,754 (main) INFO  [DataNucleus.Enhancer] - DataNucleus Enhancer (version 3.1.1) : Enhancement of classes
16:26:38,043 (main) INFO  [DataNucleus.Enhancer] - Writing class file "C:\workarea\workspace\historicalArchive\target\retail-online-archive-1.0-SNAPSHOT\WEB-INF\classes\uk\co\metoffice\beans\MetaData.class" with enhanced definition
16:26:38,051 (main) INFO  [DataNucleus.Enhancer] - Writing class file "C:\workarea\workspace\historicalArchive\target\retail-online-archive-1.0-SNAPSHOT\WEB-INF\classes\uk\co\metoffice\beans\MetoDataJPA.class" with enhanced definition
16:26:38,052 (main) INFO  [DataNucleus.Enhancer] - DataNucleus Enhancer completed with success for 2 classes. Timings : input=229 ms, enhance=65 ms, total=294 ms. Consult the log for full details
16:26:45,569 (main) INFO  [DataNucleus.Enhancer] - DataNucleus Enhancer for API "JDO"
16:26:45,666 (main) INFO  [DataNucleus.Enhancer] - DataNucleus Enhancer (version 3.1.1) : Enhancement of classes
16:26:45,889 (main) INFO  [DataNucleus.Enhancer] - Class "uk.co.metoffice.beans.MetaData" is already enhanced.
16:26:45,890 (main) INFO  [DataNucleus.Enhancer] - Class "uk.co.metoffice.beans.MetoDataJPA" is already enhanced.
16:26:45,890 (main) INFO  [DataNucleus.Enhancer] - DataNucleus Enhancer completed with success for 2 classes. Timings : input=194 ms, enhance=27 ms, total=221 ms. Consult the log for full details
16:30:41,988 (main) INFO  [DataNucleus.Enhancer] - DataNucleus Enhancer for API "JDO"
16:30:42,144 (main) INFO  [DataNucleus.Enhancer] - DataNucleus Enhancer (version 3.1.1) : Enhancement of classes
16:30:42,523 (main) INFO  [DataNucleus.Enhancer] - Writing class file "C:\workarea\workspace\historicalArchive\target\retail-online-archive-1.0-SNAPSHOT\WEB-INF\classes\uk\co\metoffice\beans\MetaData.class" with enhanced definition
16:30:42,530 (main) INFO  [DataNucleus.Enhancer] - Writing class file "C:\workarea\workspace\historicalArchive\target\retail-online-archive-1.0-SNAPSHOT\WEB-INF\classes\uk\co\metoffice\beans\MetoDataJPA.class" with enhanced definition
16:30:42,531 (main) INFO  [DataNucleus.Enhancer] - DataNucleus Enhancer completed with success for 2 classes. Timings : input=316 ms, enhance=70 ms, total=386 ms. Consult the log for full details
16:30:49,648 (main) INFO  [DataNucleus.Enhancer] - DataNucleus Enhancer for API "JDO"
16:30:49,742 (main) INFO  [DataNucleus.Enhancer] - DataNucleus Enhancer (version 3.1.1) : Enhancement of classes
16:30:49,956 (main) INFO  [DataNucleus.Enhancer] - Class "uk.co.metoffice.beans.MetaData" is already enhanced.
16:30:49,957 (main) INFO  [DataNucleus.Enhancer] - Class "uk.co.metoffice.beans.MetoDataJPA" is already enhanced.
16:30:49,958 (main) INFO  [DataNucleus.Enhancer] - DataNucleus Enhancer completed with success for 2 classes. Timings : input=187 ms, enhance=27 ms, total=214 ms. Consult the log for full details
16:33:04,627 (main) INFO  [DataNucleus.Enhancer] - DataNucleus Enhancer for API "JDO"
16:33:04,808 (main) INFO  [DataNucleus.Enhancer] - DataNucleus Enhancer (version 3.1.1) : Enhancement of classes
16:33:05,324 (main) INFO  [DataNucleus.Enhancer] - Writing class file "C:\workarea\workspace\historicalArchive\target\retail-online-archive-1.0-SNAPSHOT\WEB-INF\classes\uk\co\metoffice\beans\MetaData.class" with enhanced definition
16:33:05,331 (main) INFO  [DataNucleus.Enhancer] - Writing class file "C:\workarea\workspace\historicalArchive\target\retail-online-archive-1.0-SNAPSHOT\WEB-INF\classes\uk\co\metoffice\beans\MetoDataJPA.class" with enhanced definition
16:33:05,332 (main) INFO  [DataNucleus.Enhancer] - DataNucleus Enhancer completed with success for 2 classes. Timings : input=456 ms, enhance=64 ms, total=520 ms. Consult the log for full details
16:33:11,623 (main) INFO  [DataNucleus.Enhancer] - DataNucleus Enhancer for API "JDO"
16:33:11,719 (main) INFO  [DataNucleus.Enhancer] - DataNucleus Enhancer (version 3.1.1) : Enhancement of classes
16:33:11,942 (main) INFO  [DataNucleus.Enhancer] - Class "uk.co.metoffice.beans.MetaData" is already enhanced.
16:33:11,944 (main) INFO  [DataNucleus.Enhancer] - Class "uk.co.metoffice.beans.MetoDataJPA" is already enhanced.
16:33:11,944 (main) INFO  [DataNucleus.Enhancer] - DataNucleus Enhancer completed with success for 2 classes. Timings : input=196 ms, enhance=27 ms, total=223 ms. Consult the log for full details
16:38:00,887 (main) INFO  [DataNucleus.Enhancer] - DataNucleus Enhancer for API "JDO"
16:38:01,041 (main) INFO  [DataNucleus.Enhancer] - DataNucleus Enhancer (version 3.1.1) : Enhancement of classes
16:38:01,343 (main) INFO  [DataNucleus.Enhancer] - Writing class file "C:\workarea\workspace\historicalArchive\target\retail-online-archive-1.0-SNAPSHOT\WEB-INF\classes\uk\co\metoffice\beans\MetaData.class" with enhanced definition
16:38:01,350 (main) INFO  [DataNucleus.Enhancer] - Writing class file "C:\workarea\workspace\historicalArchive\target\retail-online-archive-1.0-SNAPSHOT\WEB-INF\classes\uk\co\metoffice\beans\MetoDataJPA.class" with enhanced definition
16:38:01,351 (main) INFO  [DataNucleus.Enhancer] - DataNucleus Enhancer completed with success for 2 classes. Timings : input=246 ms, enhance=61 ms, total=307 ms. Consult the log for full details
16:38:08,283 (main) INFO  [DataNucleus.Enhancer] - DataNucleus Enhancer for API "JDO"
16:38:08,382 (main) INFO  [DataNucleus.Enhancer] - DataNucleus Enhancer (version 3.1.1) : Enhancement of classes
16:38:08,603 (main) INFO  [DataNucleus.Enhancer] - Class "uk.co.metoffice.beans.MetaData" is already enhanced.
16:38:08,604 (main) INFO  [DataNucleus.Enhancer] - Class "uk.co.metoffice.beans.MetoDataJPA" is already enhanced.
16:38:08,604 (main) INFO  [DataNucleus.Enhancer] - DataNucleus Enhancer completed with success for 2 classes. Timings : input=194 ms, enhance=26 ms, total=220 ms. Consult the log for full details
16:39:35,216 (main) INFO  [DataNucleus.Enhancer] - DataNucleus Enhancer for API "JDO"
16:39:35,384 (main) INFO  [DataNucleus.Enhancer] - DataNucleus Enhancer (version 3.1.1) : Enhancement of classes
16:39:35,686 (main) INFO  [DataNucleus.Enhancer] - Writing class file "C:\workarea\workspace\historicalArchive\target\retail-online-archive-1.0-SNAPSHOT\WEB-INF\classes\uk\co\metoffice\beans\MetaData.class" with enhanced definition
16:39:35,693 (main) INFO  [DataNucleus.Enhancer] - Writing class file "C:\workarea\workspace\historicalArchive\target\retail-online-archive-1.0-SNAPSHOT\WEB-INF\classes\uk\co\metoffice\beans\MetoDataJPA.class" with enhanced definition
16:39:35,693 (main) INFO  [DataNucleus.Enhancer] - DataNucleus Enhancer completed with success for 2 classes. Timings : input=245 ms, enhance=61 ms, total=306 ms. Consult the log for full details
16:39:40,584 (main) INFO  [DataNucleus.Enhancer] - DataNucleus Enhancer for API "JDO"
16:39:40,689 (main) INFO  [DataNucleus.Enhancer] - DataNucleus Enhancer (version 3.1.1) : Enhancement of classes
16:39:40,925 (main) INFO  [DataNucleus.Enhancer] - Class "uk.co.metoffice.beans.MetaData" is already enhanced.
16:39:40,926 (main) INFO  [DataNucleus.Enhancer] - Class "uk.co.metoffice.beans.MetoDataJPA" is already enhanced.
16:39:40,926 (main) INFO  [DataNucleus.Enhancer] - DataNucleus Enhancer completed with success for 2 classes. Timings : input=208 ms, enhance=27 ms, total=235 ms. Consult the log for full details
16:41:40,696 (main) INFO  [DataNucleus.Enhancer] - DataNucleus Enhancer for API "JDO"
16:41:40,851 (main) INFO  [DataNucleus.Enhancer] - DataNucleus Enhancer (version 3.1.1) : Enhancement of classes
16:41:41,197 (main) INFO  [DataNucleus.Enhancer] - Writing class file "C:\workarea\workspace\historicalArchive\target\retail-online-archive-1.0-SNAPSHOT\WEB-INF\classes\uk\co\metoffice\beans\MetaData.class" with enhanced definition
16:41:41,204 (main) INFO  [DataNucleus.Enhancer] - Writing class file "C:\workarea\workspace\historicalArchive\target\retail-online-archive-1.0-SNAPSHOT\WEB-INF\classes\uk\co\metoffice\beans\MetoDataJPA.class" with enhanced definition
16:41:41,204 (main) INFO  [DataNucleus.Enhancer] - DataNucleus Enhancer completed with success for 2 classes. Timings : input=289 ms, enhance=61 ms, total=350 ms. Consult the log for full details
16:41:48,152 (main) INFO  [DataNucleus.Enhancer] - DataNucleus Enhancer for API "JDO"
16:41:48,253 (main) INFO  [DataNucleus.Enhancer] - DataNucleus Enhancer (version 3.1.1) : Enhancement of classes
16:41:48,474 (main) INFO  [DataNucleus.Enhancer] - Class "uk.co.metoffice.beans.MetaData" is already enhanced.
16:41:48,475 (main) INFO  [DataNucleus.Enhancer] - Class "uk.co.metoffice.beans.MetoDataJPA" is already enhanced.
16:41:48,475 (main) INFO  [DataNucleus.Enhancer] - DataNucleus Enhancer completed with success for 2 classes. Timings : input=193 ms, enhance=27 ms, total=220 ms. Consult the log for full details
21:46:23,877 (main) INFO  [DataNucleus.Enhancer] - DataNucleus Enhancer for API "JDO"
21:46:24,314 (main) INFO  [DataNucleus.Enhancer] - DataNucleus Enhancer (version 3.1.1) : Enhancement of classes
21:46:25,094 (main) INFO  [DataNucleus.Enhancer] - Writing class file "C:\workarea\workspace\historicalArchive\target\retail-online-archive-1.0-SNAPSHOT\WEB-INF\classes\uk\co\metoffice\beans\MetaData.class" with enhanced definition
21:46:25,094 (main) INFO  [DataNucleus.Enhancer] - Writing class file "C:\workarea\workspace\historicalArchive\target\retail-online-archive-1.0-SNAPSHOT\WEB-INF\classes\uk\co\metoffice\beans\MetoDataJPA.class" with enhanced definition
21:46:25,109 (main) INFO  [DataNucleus.Enhancer] - DataNucleus Enhancer completed with success for 2 classes. Timings : input=702 ms, enhance=78 ms, total=780 ms. Consult the log for full details
21:46:41,146 (main) INFO  [DataNucleus.Enhancer] - DataNucleus Enhancer for API "JDO"
21:46:41,286 (main) INFO  [DataNucleus.Enhancer] - DataNucleus Enhancer (version 3.1.1) : Enhancement of classes
21:46:41,552 (main) INFO  [DataNucleus.Enhancer] - Class "uk.co.metoffice.beans.MetaData" is already enhanced.
21:46:41,552 (main) INFO  [DataNucleus.Enhancer] - Class "uk.co.metoffice.beans.MetoDataJPA" is already enhanced.
21:46:41,552 (main) INFO  [DataNucleus.Enhancer] - DataNucleus Enhancer completed with success for 2 classes. Timings : input=234 ms, enhance=32 ms, total=266 ms. Consult the log for full details
21:50:25,677 (main) INFO  [DataNucleus.Enhancer] - DataNucleus Enhancer for API "JDO"
21:50:25,817 (main) INFO  [DataNucleus.Enhancer] - DataNucleus Enhancer (version 3.1.1) : Enhancement of classes
21:50:26,161 (main) INFO  [DataNucleus.Enhancer] - Writing class file "C:\workarea\workspace\historicalArchive\target\retail-online-archive-1.0-SNAPSHOT\WEB-INF\classes\uk\co\metoffice\beans\MetaData.class" with enhanced definition
21:50:26,161 (main) INFO  [DataNucleus.Enhancer] - Writing class file "C:\workarea\workspace\historicalArchive\target\retail-online-archive-1.0-SNAPSHOT\WEB-INF\classes\uk\co\metoffice\beans\MetoDataJPA.class" with enhanced definition
21:50:26,161 (main) INFO  [DataNucleus.Enhancer] - DataNucleus Enhancer completed with success for 2 classes. Timings : input=265 ms, enhance=63 ms, total=328 ms. Consult the log for full details
21:50:37,221 (main) INFO  [DataNucleus.Enhancer] - DataNucleus Enhancer for API "JDO"
21:50:37,315 (main) INFO  [DataNucleus.Enhancer] - DataNucleus Enhancer (version 3.1.1) : Enhancement of classes
21:50:37,564 (main) INFO  [DataNucleus.Enhancer] - Class "uk.co.metoffice.beans.MetaData" is already enhanced.
21:50:37,564 (main) INFO  [DataNucleus.Enhancer] - Class "uk.co.metoffice.beans.MetoDataJPA" is already enhanced.
21:50:37,564 (main) INFO  [DataNucleus.Enhancer] - DataNucleus Enhancer completed with success for 2 classes. Timings : input=234 ms, enhance=15 ms, total=249 ms. Consult the log for full details
22:02:09,335 (main) INFO  [DataNucleus.Enhancer] - DataNucleus Enhancer for API "JDO"
22:02:09,494 (main) INFO  [DataNucleus.Enhancer] - DataNucleus Enhancer (version 3.1.1) : Enhancement of classes
22:02:09,740 (main) INFO  [DataNucleus.Enhancer] - Class "uk.co.metoffice.beans.MetaData" is already enhanced.
22:02:09,741 (main) INFO  [DataNucleus.Enhancer] - Class "uk.co.metoffice.beans.MetoDataJPA" is already enhanced.
22:02:09,742 (main) INFO  [DataNucleus.Enhancer] - DataNucleus Enhancer completed with success for 2 classes. Timings : input=215 ms, enhance=28 ms, total=243 ms. Consult the log for full details
22:29:43,140 (main) INFO  [DataNucleus.Enhancer] - DataNucleus Enhancer for API "JDO"
22:29:43,650 (main) INFO  [DataNucleus.Enhancer] - DataNucleus Enhancer (version 3.1.1) : Enhancement of classes
22:29:44,424 (main) INFO  [DataNucleus.Enhancer] - Class "uk.co.metoffice.beans.MetaData" is already enhanced.
22:29:44,426 (main) INFO  [DataNucleus.Enhancer] - Class "uk.co.metoffice.beans.MetoDataJPA" is already enhanced.
22:29:44,441 (main) INFO  [DataNucleus.Enhancer] - DataNucleus Enhancer completed with success for 2 classes. Timings : input=692 ms, enhance=66 ms, total=758 ms. Consult the log for full details
22:29:54,513 (main) INFO  [DataNucleus.Enhancer] - DataNucleus Enhancer for API "JDO"
22:29:54,640 (main) INFO  [DataNucleus.Enhancer] - DataNucleus Enhancer (version 3.1.1) : Enhancement of classes
22:29:54,863 (main) INFO  [DataNucleus.Enhancer] - Class "uk.co.metoffice.beans.MetaData" is already enhanced.
22:29:54,864 (main) INFO  [DataNucleus.Enhancer] - Class "uk.co.metoffice.beans.MetoDataJPA" is already enhanced.
22:29:54,864 (main) INFO  [DataNucleus.Enhancer] - DataNucleus Enhancer completed with success for 2 classes. Timings : input=193 ms, enhance=27 ms, total=220 ms. Consult the log for full details
22:34:12,429 (main) INFO  [DataNucleus.Enhancer] - DataNucleus Enhancer for API "JDO"
22:34:12,637 (main) INFO  [DataNucleus.Enhancer] - DataNucleus Enhancer (version 3.1.1) : Enhancement of classes
22:34:12,916 (main) INFO  [DataNucleus.Enhancer] - Class "uk.co.metoffice.beans.MetaData" is already enhanced.
22:34:12,917 (main) INFO  [DataNucleus.Enhancer] - Class "uk.co.metoffice.beans.MetoDataJPA" is already enhanced.
22:34:12,959 (main) INFO  [DataNucleus.Enhancer] - DataNucleus Enhancer completed with success for 2 classes. Timings : input=248 ms, enhance=72 ms, total=320 ms. Consult the log for full details
22:34:20,319 (main) INFO  [DataNucleus.Enhancer] - DataNucleus Enhancer for API "JDO"
22:34:20,426 (main) INFO  [DataNucleus.Enhancer] - DataNucleus Enhancer (version 3.1.1) : Enhancement of classes
22:34:20,643 (main) INFO  [DataNucleus.Enhancer] - Class "uk.co.metoffice.beans.MetaData" is already enhanced.
22:34:20,644 (main) INFO  [DataNucleus.Enhancer] - Class "uk.co.metoffice.beans.MetoDataJPA" is already enhanced.
22:34:20,644 (main) INFO  [DataNucleus.Enhancer] - DataNucleus Enhancer completed with success for 2 classes. Timings : input=190 ms, enhance=27 ms, total=217 ms. Consult the log for full details
22:37:43,436 (main) INFO  [DataNucleus.Enhancer] - DataNucleus Enhancer for API "JDO"
22:37:43,587 (main) INFO  [DataNucleus.Enhancer] - DataNucleus Enhancer (version 3.1.1) : Enhancement of classes
22:37:43,846 (main) INFO  [DataNucleus.Enhancer] - Class "uk.co.metoffice.beans.MetaData" is already enhanced.
22:37:43,847 (main) INFO  [DataNucleus.Enhancer] - Class "uk.co.metoffice.beans.MetoDataJPA" is already enhanced.
22:37:43,847 (main) INFO  [DataNucleus.Enhancer] - DataNucleus Enhancer completed with success for 2 classes. Timings : input=221 ms, enhance=28 ms, total=249 ms. Consult the log for full details
22:37:50,577 (main) INFO  [DataNucleus.Enhancer] - DataNucleus Enhancer for API "JDO"
22:37:50,684 (main) INFO  [DataNucleus.Enhancer] - DataNucleus Enhancer (version 3.1.1) : Enhancement of classes
22:37:51,006 (main) INFO  [DataNucleus.Enhancer] - Class "uk.co.metoffice.beans.MetaData" is already enhanced.
22:37:51,007 (main) INFO  [DataNucleus.Enhancer] - Class "uk.co.metoffice.beans.MetoDataJPA" is already enhanced.
22:37:51,007 (main) INFO  [DataNucleus.Enhancer] - DataNucleus Enhancer completed with success for 2 classes. Timings : input=296 ms, enhance=27 ms, total=323 ms. Consult the log for full details
13:10:51,084 (main) INFO  [DataNucleus.Enhancer] - DataNucleus Enhancer for API "JDO"
13:10:51,180 (main) INFO  [DataNucleus.Enhancer] - DataNucleus Enhancer (version 3.1.1) : Enhancement of classes
13:10:51,563 (main) INFO  [DataNucleus.Enhancer] - Writing class file "C:\AptanaWorkSpace\retail-online-archive-from-drive-250714\target\retail-online-archive-1.0-SNAPSHOT\WEB-INF\classes\uk\co\metoffice\beans\MetaData.class" with enhanced definition
13:10:51,570 (main) INFO  [DataNucleus.Enhancer] - Writing class file "C:\AptanaWorkSpace\retail-online-archive-from-drive-250714\target\retail-online-archive-1.0-SNAPSHOT\WEB-INF\classes\uk\co\metoffice\beans\MetoDataJPA.class" with enhanced definition
13:10:51,571 (main) INFO  [DataNucleus.Enhancer] - DataNucleus Enhancer completed with success for 2 classes. Timings : input=301 ms, enhance=89 ms, total=390 ms. Consult the log for full details
13:10:57,541 (main) INFO  [DataNucleus.Enhancer] - DataNucleus Enhancer for API "JDO"
13:10:57,588 (main) INFO  [DataNucleus.Enhancer] - DataNucleus Enhancer (version 3.1.1) : Enhancement of classes
13:10:57,787 (main) INFO  [DataNucleus.Enhancer] - Class "uk.co.metoffice.beans.MetaData" is already enhanced.
13:10:57,788 (main) INFO  [DataNucleus.Enhancer] - Class "uk.co.metoffice.beans.MetoDataJPA" is already enhanced.
13:10:57,788 (main) INFO  [DataNucleus.Enhancer] - DataNucleus Enhancer completed with success for 2 classes. Timings : input=176 ms, enhance=23 ms, total=199 ms. Consult the log for full details
13:18:50,969 (main) INFO  [DataNucleus.Enhancer] - DataNucleus Enhancer for API "JDO"
13:18:51,056 (main) INFO  [DataNucleus.Enhancer] - DataNucleus Enhancer (version 3.1.1) : Enhancement of classes
13:18:51,286 (main) INFO  [DataNucleus.Enhancer] - Writing class file "C:\AptanaWorkSpace\retail-online-archive-from-drive-EDIT-250714\target\retail-online-archive-1.0-SNAPSHOT\WEB-INF\classes\uk\co\metoffice\beans\MetaData.class" with enhanced definition
13:18:51,301 (main) INFO  [DataNucleus.Enhancer] - Writing class file "C:\AptanaWorkSpace\retail-online-archive-from-drive-EDIT-250714\target\retail-online-archive-1.0-SNAPSHOT\WEB-INF\classes\uk\co\metoffice\beans\MetoDataJPA.class" with enhanced definition
13:18:51,302 (main) INFO  [DataNucleus.Enhancer] - DataNucleus Enhancer completed with success for 2 classes. Timings : input=184 ms, enhance=62 ms, total=246 ms. Consult the log for full details
13:19:05,017 (main) INFO  [DataNucleus.Enhancer] - DataNucleus Enhancer for API "JDO"
13:19:05,108 (main) INFO  [DataNucleus.Enhancer] - DataNucleus Enhancer (version 3.1.1) : Enhancement of classes
13:19:05,334 (main) INFO  [DataNucleus.Enhancer] - Writing class file "C:\AptanaWorkSpace\retail-online-archive-from-drive-EDIT-250714\target\retail-online-archive-1.0-SNAPSHOT\WEB-INF\classes\uk\co\metoffice\beans\MetaData.class" with enhanced definition
13:19:05,339 (main) INFO  [DataNucleus.Enhancer] - Writing class file "C:\AptanaWorkSpace\retail-online-archive-from-drive-EDIT-250714\target\retail-online-archive-1.0-SNAPSHOT\WEB-INF\classes\uk\co\metoffice\beans\MetoDataJPA.class" with enhanced definition
13:19:05,340 (main) INFO  [DataNucleus.Enhancer] - DataNucleus Enhancer completed with success for 2 classes. Timings : input=179 ms, enhance=52 ms, total=231 ms. Consult the log for full details
